DEBUG: passed in value is 3, and focused is 
DEBUG: passed in value is 2, and focused is 
DEBUG: passed in value is T, and focused is 
DEBUG: passed in value is V, and focused is 
DEBUG: passed in value is E, and focused is 
DEBUG: passed in value is P, and focused is 
DEBUG: passed in value is B, and focused is 
DEBUG: passed in value is N, and focused is 
DEBUG: passed in value is 1, and focused is 
DEBUG: passed in value is M, and focused is 
DEBUG: passed in value is 3, and focused is T
DEBUG: passed in value is 1, and focused is T
DEBUG: passed in value is 2, and focused is T
DEBUG: passed in value is B, and focused is T
DEBUG: passed in value is M, and focused is T
DEBUG: passed in value is N, and focused is T
DEBUG: passed in value is E, and focused is T
DEBUG: passed in value is T, and focused is T
DEBUG: passed in value is V, and focused is T
DEBUG: passed in value is P, and focused is T
DEBUG: passed in value is 1, and focused is 
DEBUG: passed in value is 3, and focused is 
DEBUG: passed in value is E, and focused is 
DEBUG: passed in value is M, and focused is 
DEBUG: passed in value is N, and focused is 
DEBUG: passed in value is T, and focused is 
DEBUG: passed in value is 2, and focused is 
DEBUG: passed in value is V, and focused is 
DEBUG: passed in value is P, and focused is 
DEBUG: passed in value is B, and focused is 
DEBUG: passed in value is 2, and focused is T
DEBUG: passed in value is 3, and focused is T
DEBUG: passed in value is 1, and focused is T
DEBUG: passed in value is B, and focused is T
DEBUG: passed in value is E, and focused is T
DEBUG: passed in value is N, and focused is T
DEBUG: passed in value is M, and focused is T
DEBUG: passed in value is P, and focused is T
DEBUG: passed in value is T, and focused is T
DEBUG: passed in value is V, and focused is T
DEBUG: passed in value is 2, and focused is 
DEBUG: passed in value is 3, and focused is 
DEBUG: passed in value is E, and focused is 
DEBUG: passed in value is B, and focused is 
DEBUG: passed in value is 1, and focused is 
DEBUG: passed in value is N, and focused is 
DEBUG: passed in value is V, and focused is 
DEBUG: passed in value is P, and focused is 
DEBUG: passed in value is M, and focused is 
DEBUG: passed in value is T, and focused is 
DEBUG: passed in value is B, and focused is T
DEBUG: passed in value is 2, and focused is T
DEBUG: passed in value is 1, and focused is T
DEBUG: passed in value is 3, and focused is T
DEBUG: passed in value is M, and focused is T
DEBUG: passed in value is N, and focused is T
DEBUG: passed in value is P, and focused is T
DEBUG: passed in value is E, and focused is T
DEBUG: passed in value is T, and focused is T
DEBUG: passed in value is V, and focused is T
DEBUG: passed in value is 1, and focused is 
DEBUG: passed in value is E, and focused is 
DEBUG: passed in value is 3, and focused is 
DEBUG: passed in value is 2, and focused is 
DEBUG: passed in value is T, and focused is 
DEBUG: passed in value is B, and focused is 
DEBUG: passed in value is N, and focused is 
DEBUG: passed in value is M, and focused is 
DEBUG: passed in value is P, and focused is 
DEBUG: passed in value is V, and focused is 
DEBUG: passed in value is 1, and focused is 
DEBUG: passed in value is 2, and focused is 
DEBUG: passed in value is B, and focused is 
DEBUG: passed in value is P, and focused is 
DEBUG: passed in value is N, and focused is 
DEBUG: passed in value is 3, and focused is 
DEBUG: passed in value is V, and focused is 
DEBUG: passed in value is E, and focused is 
DEBUG: passed in value is M, and focused is 
DEBUG: passed in value is T, and focused is 
DEBUG: passed in value is E, and focused is 
DEBUG: passed in value is B, and focused is 
DEBUG: passed in value is M, and focused is 
DEBUG: passed in value is 2, and focused is 
DEBUG: passed in value is 1, and focused is 
DEBUG: passed in value is V, and focused is 
DEBUG: passed in value is 3, and focused is 
DEBUG: passed in value is N, and focused is 
DEBUG: passed in value is P, and focused is 
DEBUG: passed in value is T, and focused is 
DEBUG: passed in value is 1, and focused is 
DEBUG: passed in value is 2, and focused is 
DEBUG: passed in value is 3, and focused is 
DEBUG: passed in value is B, and focused is 
DEBUG: passed in value is E, and focused is 
DEBUG: passed in value is N, and focused is 
DEBUG: passed in value is T, and focused is 
DEBUG: passed in value is V, and focused is 
DEBUG: passed in value is P, and focused is 
DEBUG: passed in value is M, and focused is 
DEBUG: passed in value is 2, and focused is 
DEBUG: passed in value is 1, and focused is 
DEBUG: passed in value is B, and focused is 
DEBUG: passed in value is E, and focused is 
DEBUG: passed in value is 3, and focused is 
DEBUG: passed in value is N, and focused is 
DEBUG: passed in value is T, and focused is 
DEBUG: passed in value is P, and focused is 
DEBUG: passed in value is M, and focused is 
DEBUG: passed in value is V, and focused is 
DEBUG: passed in value is 1, and focused is 
DEBUG: passed in value is B, and focused is 
DEBUG: passed in value is 3, and focused is 
DEBUG: passed in value is 10, and focused is 
DEBUG: passed in value is E, and focused is 
DEBUG: passed in value is 2, and focused is 
DEBUG: passed in value is T, and focused is 
DEBUG: passed in value is M, and focused is 
